<?xml version="1.0" encoding="UTF-8"?>
<!-- Generated by org.testng.reporters.JUnitXMLReporter -->
<testsuite ignored="0" hostname="DESKTOP-6ITAQL4" failures="0" tests="3" name="Default test" time="50.298" errors="0" timestamp="2024-07-11T15:51:34 IST">
  <testcase classname="Parallelandextendreport.Paralleltesting" name="t" time="18.137"/>
  <testcase classname="Parallelandextendreport.Paralleltesting" name="t1" time="17.256"/>
  <testcase classname="Parallelandextendreport.Paralleltesting" name="t2" time="14.783"/>
</testsuite> <!-- Default test -->
