<?xml version="1.0" encoding="UTF-8"?>
<!-- Generated by org.testng.reporters.JUnitXMLReporter -->
<testsuite ignored="0" hostname="DESKTOP-6ITAQL4" failures="0" tests="3" name="Test" time="20.989" errors="0" timestamp="2024-07-11T15:29:35 IST">
  <testcase classname="Parallelandextendreport.Paralleltesting" name="t2" time="18.419"/>
  <testcase classname="Parallelandextendreport.Paralleltesting" name="t" time="19.186"/>
  <testcase classname="Parallelandextendreport.Paralleltesting" name="t1" time="20.906"/>
</testsuite> <!-- Test -->
