<?xml version="1.0" encoding="UTF-8"?>
<testng-results ignored="0" total="3" passed="3" failed="0" skipped="0">
  <reporter-output>
  </reporter-output>
  <suite started-at="2024-07-11T15:50:43 IST" name="Default suite" finished-at="2024-07-11T15:51:34 IST" duration-ms="50298">
    <groups>
    </groups>
    <test started-at="2024-07-11T15:50:43 IST" name="Default test" finished-at="2024-07-11T15:51:34 IST" duration-ms="50298">
      <class name="Parallelandextendreport.Paralleltesting">
        <test-method signature="t()[pri:0, instance:Parallelandextendreport.Paralleltesting@771a660]" started-at="2024-07-11T15:50:43 IST" name="t" finished-at="2024-07-11T15:51:01 IST" duration-ms="18137" status="PASS">
          <reporter-output>
          </reporter-output>
        </test-method> <!-- t -->
        <test-method signature="t1()[pri:0, instance:Parallelandextendreport.Paralleltesting@771a660]" started-at="2024-07-11T15:51:01 IST" name="t1" finished-at="2024-07-11T15:51:19 IST" duration-ms="17256" status="PASS">
          <reporter-output>
          </reporter-output>
        </test-method> <!-- t1 -->
        <test-method signature="t2()[pri:0, instance:Parallelandextendreport.Paralleltesting@771a660]" started-at="2024-07-11T15:51:19 IST" name="t2" finished-at="2024-07-11T15:51:34 IST" duration-ms="14783" status="PASS">
          <reporter-output>
          </reporter-output>
        </test-method> <!-- t2 -->
      </class> <!-- Parallelandextendreport.Paralleltesting -->
    </test> <!-- Default test -->
  </suite> <!-- Default suite -->
</testng-results>
